<html>
<head>
<title>TestNG:  Test</title>
<link href="../testng.css" rel="stylesheet" type="text/css" />
<link href="../my-testng.css" rel="stylesheet" type="text/css" />

<style type="text/css">
.log { display: none;} 
.stack-trace { display: none;} 
</style>
<script type="text/javascript">
<!--
function flip(e) {
  current = e.style.display;
  if (current == 'block') {
    e.style.display = 'none';
    return 0;
  }
  else {
    e.style.display = 'block';
    return 1;
  }
}

function toggleBox(szDivId, elem, msg1, msg2)
{
  var res = -1;  if (document.getElementById) {
    res = flip(document.getElementById(szDivId));
  }
  else if (document.all) {
    // this is the way old msie versions work
    res = flip(document.all[szDivId]);
  }
  if(elem) {
    if(res == 0) elem.innerHTML = msg1; else elem.innerHTML = msg2;
  }

}

function toggleAllBoxes() {
  if (document.getElementsByTagName) {
    d = document.getElementsByTagName('div');
    for (i = 0; i < d.length; i++) {
      if (d[i].className == 'log') {
        flip(d[i]);
      }
    }
  }
}

// -->
</script>

</head>
<body>
<h2 align='center'>Test</h2><table border='1' align="center">
<tr>
<td>Tests passed/Failed/Skipped:</td><td>0/0/12</td>
</tr><tr>
<td>Started on:</td><td>Sun Jul 09 19:39:37 IST 2023</td>
</tr>
<tr><td>Total time:</td><td>43 seconds (43482 ms)</td>
</tr><tr>
<td>Included groups:</td><td></td>
</tr><tr>
<td>Excluded groups:</td><td></td>
</tr>
</table><p/>
<small><i>(Hover the method name to see the test class name)</i></small><p/>
<table width='100%' border='1' class='invocation-failed'>
<tr><td colspan='4' align='center'><b>FAILED CONFIGURATIONS</b></td></tr>
<tr><td><b>Test method</b></td>
<td><b>Attribute(s)</b></td>
<td width="30%"><b>Exception</b></td>
<td width="10%"><b>Time (seconds)</b></td>
<td><b>Instance</b></td>
</tr>
<tr>
<td title='com.cognizant.hackathon.test.JustDialGymPageTest.OpenJustDialWebPage()'><b>OpenJustDialWebPage</b><br>Test class: com.cognizant.hackathon.test.JustDialGymPageTest</td>
<td><div><pre>java.util.NoSuchElementException: No line found
	at java.base/java.util.Scanner.nextLine(Scanner.java:1656)
	at com.cognizant.hackathon.driver.DriverSetUp.chooseDriver(DriverSetUp.java:27)
	at com.cognizant.hackathon.test.JustDialGymPageTest.OpenJustDialWebPage(JustDialGymPageTest.java:33)
... Removed 22 stack frames</pre></div><a href='#' onClick='toggleBox("stack-trace2031667192", this, "Click to show all stack frames", "Click to hide stack frames")'>Click to show all stack frames</a>
<div class='stack-trace' id='stack-trace2031667192'><pre>java.util.NoSuchElementException: No line found
	at java.base/java.util.Scanner.nextLine(Scanner.java:1656)
	at com.cognizant.hackathon.driver.DriverSetUp.chooseDriver(DriverSetUp.java:27)
	at com.cognizant.hackathon.test.JustDialGymPageTest.OpenJustDialWebPage(JustDialGymPageTest.java:33)
	at java.base/jdk.internal.reflect.DirectMethodHandleAccessor.invoke(DirectMethodHandleAccessor.java:104)
	at java.base/java.lang.reflect.Method.invoke(Method.java:577)
	at org.testng.internal.invokers.MethodInvocationHelper.invokeMethod(MethodInvocationHelper.java:139)
	at org.testng.internal.invokers.MethodInvocationHelper.invokeMethodConsideringTimeout(MethodInvocationHelper.java:69)
	at org.testng.internal.invokers.ConfigInvoker.invokeConfigurationMethod(ConfigInvoker.java:390)
	at org.testng.internal.invokers.ConfigInvoker.invokeConfigurations(ConfigInvoker.java:325)
	at org.testng.TestRunner.invokeTestConfigurations(TestRunner.java:663)
	at org.testng.TestRunner.beforeRun(TestRunner.java:652)
	at org.testng.TestRunner.run(TestRunner.java:614)
	at org.testng.SuiteRunner.runTest(SuiteRunner.java:443)
	at org.testng.SuiteRunner.runSequentially(SuiteRunner.java:437)
	at org.testng.SuiteRunner.privateRun(SuiteRunner.java:397)
	at org.testng.SuiteRunner.run(SuiteRunner.java:336)
	at org.testng.SuiteRunnerWorker.runSuite(SuiteRunnerWorker.java:52)
	at org.testng.SuiteRunnerWorker.run(SuiteRunnerWorker.java:95)
	at org.testng.TestNG.runSuitesSequentially(TestNG.java:1280)
	at org.testng.TestNG.runSuitesLocally(TestNG.java:1200)
	at org.testng.TestNG.runSuites(TestNG.java:1114)
	at org.testng.TestNG.run(TestNG.java:1082)
	at org.testng.remote.AbstractRemoteTestNG.run(AbstractRemoteTestNG.java:115)
	at org.testng.remote.RemoteTestNG.initAndRun(RemoteTestNG.java:251)
	at org.testng.remote.RemoteTestNG.main(RemoteTestNG.java:77)
</pre></div></td>
<td>0</td>
<td>com.cognizant.hackathon.test.JustDialGymPageTest@6c6cb480</td></tr>
</table><p>
<table width='100%' border='1' class='invocation-skipped'>
<tr><td colspan='4' align='center'><b>SKIPPED CONFIGURATIONS</b></td></tr>
<tr><td><b>Test method</b></td>
<td><b>Attribute(s)</b></td>
<td width="30%"><b>Exception</b></td>
<td width="10%"><b>Time (seconds)</b></td>
<td><b>Instance</b></td>
</tr>
<tr>
<td title='com.cognizant.hackathon.test.JustDialHomePageTest.takeFailedScreenshots()'><b>takeFailedScreenshots</b><br>Test class: com.cognizant.hackathon.test.JustDialHomePageTest</td>
<td></td>
<td>0</td>
<td>com.cognizant.hackathon.test.JustDialHomePageTest@54d9d12d</td></tr>
<tr>
<td title='com.cognizant.hackathon.test.JustDialHomePageTest.takeFailedScreenshots()'><b>takeFailedScreenshots</b><br>Test class: com.cognizant.hackathon.test.JustDialHomePageTest</td>
<td></td>
<td>0</td>
<td>com.cognizant.hackathon.test.JustDialHomePageTest@54d9d12d</td></tr>
<tr>
<td title='com.cognizant.hackathon.test.FreeListingPageTest.CloseJustDialWebPage()'><b>CloseJustDialWebPage</b><br>Test class: com.cognizant.hackathon.test.FreeListingPageTest</td>
<td></td>
<td>0</td>
<td>com.cognizant.hackathon.test.FreeListingPageTest@3c41ed1d</td></tr>
<tr>
<td title='com.cognizant.hackathon.test.JustDialGymPageTest.takeFailedScreenshots()'><b>takeFailedScreenshots</b><br>Test class: com.cognizant.hackathon.test.JustDialGymPageTest</td>
<td></td>
<td>0</td>
<td>com.cognizant.hackathon.test.JustDialGymPageTest@6c6cb480</td></tr>
<tr>
<td title='com.cognizant.hackathon.test.FreeListingPageTest.takeFailedScreenshots()'><b>takeFailedScreenshots</b><br>Test class: com.cognizant.hackathon.test.FreeListingPageTest</td>
<td></td>
<td>0</td>
<td>com.cognizant.hackathon.test.FreeListingPageTest@3c41ed1d</td></tr>
<tr>
<td title='com.cognizant.hackathon.test.JustDialHomePageTest.takeFailedScreenshots()'><b>takeFailedScreenshots</b><br>Test class: com.cognizant.hackathon.test.JustDialHomePageTest</td>
<td></td>
<td>0</td>
<td>com.cognizant.hackathon.test.JustDialHomePageTest@54d9d12d</td></tr>
<tr>
<td title='com.cognizant.hackathon.test.JustDialGymPageTest.takeFailedScreenshots()'><b>takeFailedScreenshots</b><br>Test class: com.cognizant.hackathon.test.JustDialGymPageTest</td>
<td></td>
<td>0</td>
<td>com.cognizant.hackathon.test.JustDialGymPageTest@6c6cb480</td></tr>
<tr>
<td title='com.cognizant.hackathon.test.FreeListingPageTest.takeFailedScreenshots()'><b>takeFailedScreenshots</b><br>Test class: com.cognizant.hackathon.test.FreeListingPageTest</td>
<td></td>
<td>0</td>
<td>com.cognizant.hackathon.test.FreeListingPageTest@3c41ed1d</td></tr>
<tr>
<td title='com.cognizant.hackathon.test.JustDialHomePageTest.takeFailedScreenshots()'><b>takeFailedScreenshots</b><br>Test class: com.cognizant.hackathon.test.JustDialHomePageTest</td>
<td></td>
<td>0</td>
<td>com.cognizant.hackathon.test.JustDialHomePageTest@54d9d12d</td></tr>
<tr>
<td title='com.cognizant.hackathon.test.JustDialGymPageTest.takeFailedScreenshots()'><b>takeFailedScreenshots</b><br>Test class: com.cognizant.hackathon.test.JustDialGymPageTest</td>
<td></td>
<td>0</td>
<td>com.cognizant.hackathon.test.JustDialGymPageTest@6c6cb480</td></tr>
<tr>
<td title='com.cognizant.hackathon.test.JustDialHomePageTest.OpenJustDialWebPage()'><b>OpenJustDialWebPage</b><br>Test class: com.cognizant.hackathon.test.JustDialHomePageTest</td>
<td></td>
<td>0</td>
<td>com.cognizant.hackathon.test.JustDialHomePageTest@54d9d12d</td></tr>
<tr>
<td title='com.cognizant.hackathon.test.JustDialHomePageTest.takeFailedScreenshots()'><b>takeFailedScreenshots</b><br>Test class: com.cognizant.hackathon.test.JustDialHomePageTest</td>
<td></td>
<td>0</td>
<td>com.cognizant.hackathon.test.JustDialHomePageTest@54d9d12d</td></tr>
<tr>
<td title='com.cognizant.hackathon.test.JustDialGymPageTest.CloseJustDialWebPage()'><b>CloseJustDialWebPage</b><br>Test class: com.cognizant.hackathon.test.JustDialGymPageTest</td>
<td></td>
<td>0</td>
<td>com.cognizant.hackathon.test.JustDialGymPageTest@6c6cb480</td></tr>
<tr>
<td title='com.cognizant.hackathon.test.JustDialHomePageTest.takeFailedScreenshots()'><b>takeFailedScreenshots</b><br>Test class: com.cognizant.hackathon.test.JustDialHomePageTest</td>
<td></td>
<td>0</td>
<td>com.cognizant.hackathon.test.JustDialHomePageTest@54d9d12d</td></tr>
<tr>
<td title='com.cognizant.hackathon.test.JustDialHomePageTest.CloseJustDialWebPage()'><b>CloseJustDialWebPage</b><br>Test class: com.cognizant.hackathon.test.JustDialHomePageTest</td>
<td></td>
<td>0</td>
<td>com.cognizant.hackathon.test.JustDialHomePageTest@54d9d12d</td></tr>
<tr>
<td title='com.cognizant.hackathon.test.FreeListingPageTest.takeFailedScreenshots()'><b>takeFailedScreenshots</b><br>Test class: com.cognizant.hackathon.test.FreeListingPageTest</td>
<td></td>
<td>0</td>
<td>com.cognizant.hackathon.test.FreeListingPageTest@3c41ed1d</td></tr>
</table><p>
<table width='100%' border='1' class='invocation-skipped'>
<tr><td colspan='4' align='center'><b>SKIPPED TESTS</b></td></tr>
<tr><td><b>Test method</b></td>
<td><b>Attribute(s)</b></td>
<td width="30%"><b>Exception</b></td>
<td width="10%"><b>Time (seconds)</b></td>
<td><b>Instance</b></td>
</tr>
<tr>
<td title='com.cognizant.hackathon.test.JustDialHomePageTest.CloseLoginPopUp()'><b>CloseLoginPopUp</b><br>Test class: com.cognizant.hackathon.test.JustDialHomePageTest</td>
<td><div><pre>java.util.NoSuchElementException: No line found
	at java.base/java.util.Scanner.nextLine(Scanner.java:1656)
	at com.cognizant.hackathon.driver.DriverSetUp.chooseDriver(DriverSetUp.java:27)
	at com.cognizant.hackathon.test.JustDialGymPageTest.OpenJustDialWebPage(JustDialGymPageTest.java:33)
... Removed 22 stack frames</pre></div><a href='#' onClick='toggleBox("stack-trace407747276", this, "Click to show all stack frames", "Click to hide stack frames")'>Click to show all stack frames</a>
<div class='stack-trace' id='stack-trace407747276'><pre>java.util.NoSuchElementException: No line found
	at java.base/java.util.Scanner.nextLine(Scanner.java:1656)
	at com.cognizant.hackathon.driver.DriverSetUp.chooseDriver(DriverSetUp.java:27)
	at com.cognizant.hackathon.test.JustDialGymPageTest.OpenJustDialWebPage(JustDialGymPageTest.java:33)
	at java.base/jdk.internal.reflect.DirectMethodHandleAccessor.invoke(DirectMethodHandleAccessor.java:104)
	at java.base/java.lang.reflect.Method.invoke(Method.java:577)
	at org.testng.internal.invokers.MethodInvocationHelper.invokeMethod(MethodInvocationHelper.java:139)
	at org.testng.internal.invokers.MethodInvocationHelper.invokeMethodConsideringTimeout(MethodInvocationHelper.java:69)
	at org.testng.internal.invokers.ConfigInvoker.invokeConfigurationMethod(ConfigInvoker.java:390)
	at org.testng.internal.invokers.ConfigInvoker.invokeConfigurations(ConfigInvoker.java:325)
	at org.testng.TestRunner.invokeTestConfigurations(TestRunner.java:663)
	at org.testng.TestRunner.beforeRun(TestRunner.java:652)
	at org.testng.TestRunner.run(TestRunner.java:614)
	at org.testng.SuiteRunner.runTest(SuiteRunner.java:443)
	at org.testng.SuiteRunner.runSequentially(SuiteRunner.java:437)
	at org.testng.SuiteRunner.privateRun(SuiteRunner.java:397)
	at org.testng.SuiteRunner.run(SuiteRunner.java:336)
	at org.testng.SuiteRunnerWorker.runSuite(SuiteRunnerWorker.java:52)
	at org.testng.SuiteRunnerWorker.run(SuiteRunnerWorker.java:95)
	at org.testng.TestNG.runSuitesSequentially(TestNG.java:1280)
	at org.testng.TestNG.runSuitesLocally(TestNG.java:1200)
	at org.testng.TestNG.runSuites(TestNG.java:1114)
	at org.testng.TestNG.run(TestNG.java:1082)
	at org.testng.remote.AbstractRemoteTestNG.run(AbstractRemoteTestNG.java:115)
	at org.testng.remote.RemoteTestNG.initAndRun(RemoteTestNG.java:251)
	at org.testng.remote.RemoteTestNG.main(RemoteTestNG.java:77)
</pre></div></td>
<td>0</td>
<td>com.cognizant.hackathon.test.JustDialHomePageTest@54d9d12d</td></tr>
<tr>
<td title='com.cognizant.hackathon.test.JustDialHomePageTest.PrintingNamesAndPhoneNumbersOfTopFiveResult()'><b>PrintingNamesAndPhoneNumbersOfTopFiveResult</b><br>Test class: com.cognizant.hackathon.test.JustDialHomePageTest</td>
<td><div><pre>java.util.NoSuchElementException: No line found
	at java.base/java.util.Scanner.nextLine(Scanner.java:1656)
	at com.cognizant.hackathon.driver.DriverSetUp.chooseDriver(DriverSetUp.java:27)
	at com.cognizant.hackathon.test.JustDialGymPageTest.OpenJustDialWebPage(JustDialGymPageTest.java:33)
... Removed 22 stack frames</pre></div><a href='#' onClick='toggleBox("stack-trace922871524", this, "Click to show all stack frames", "Click to hide stack frames")'>Click to show all stack frames</a>
<div class='stack-trace' id='stack-trace922871524'><pre>java.util.NoSuchElementException: No line found
	at java.base/java.util.Scanner.nextLine(Scanner.java:1656)
	at com.cognizant.hackathon.driver.DriverSetUp.chooseDriver(DriverSetUp.java:27)
	at com.cognizant.hackathon.test.JustDialGymPageTest.OpenJustDialWebPage(JustDialGymPageTest.java:33)
	at java.base/jdk.internal.reflect.DirectMethodHandleAccessor.invoke(DirectMethodHandleAccessor.java:104)
	at java.base/java.lang.reflect.Method.invoke(Method.java:577)
	at org.testng.internal.invokers.MethodInvocationHelper.invokeMethod(MethodInvocationHelper.java:139)
	at org.testng.internal.invokers.MethodInvocationHelper.invokeMethodConsideringTimeout(MethodInvocationHelper.java:69)
	at org.testng.internal.invokers.ConfigInvoker.invokeConfigurationMethod(ConfigInvoker.java:390)
	at org.testng.internal.invokers.ConfigInvoker.invokeConfigurations(ConfigInvoker.java:325)
	at org.testng.TestRunner.invokeTestConfigurations(TestRunner.java:663)
	at org.testng.TestRunner.beforeRun(TestRunner.java:652)
	at org.testng.TestRunner.run(TestRunner.java:614)
	at org.testng.SuiteRunner.runTest(SuiteRunner.java:443)
	at org.testng.SuiteRunner.runSequentially(SuiteRunner.java:437)
	at org.testng.SuiteRunner.privateRun(SuiteRunner.java:397)
	at org.testng.SuiteRunner.run(SuiteRunner.java:336)
	at org.testng.SuiteRunnerWorker.runSuite(SuiteRunnerWorker.java:52)
	at org.testng.SuiteRunnerWorker.run(SuiteRunnerWorker.java:95)
	at org.testng.TestNG.runSuitesSequentially(TestNG.java:1280)
	at org.testng.TestNG.runSuitesLocally(TestNG.java:1200)
	at org.testng.TestNG.runSuites(TestNG.java:1114)
	at org.testng.TestNG.run(TestNG.java:1082)
	at org.testng.remote.AbstractRemoteTestNG.run(AbstractRemoteTestNG.java:115)
	at org.testng.remote.RemoteTestNG.initAndRun(RemoteTestNG.java:251)
	at org.testng.remote.RemoteTestNG.main(RemoteTestNG.java:77)
</pre></div></td>
<td>0</td>
<td>com.cognizant.hackathon.test.JustDialHomePageTest@54d9d12d</td></tr>
<tr>
<td title='com.cognizant.hackathon.test.JustDialHomePageTest.SettingSearchLocationAsKolkata()'><b>SettingSearchLocationAsKolkata</b><br>Test class: com.cognizant.hackathon.test.JustDialHomePageTest</td>
<td><div><pre>java.util.NoSuchElementException: No line found
	at java.base/java.util.Scanner.nextLine(Scanner.java:1656)
	at com.cognizant.hackathon.driver.DriverSetUp.chooseDriver(DriverSetUp.java:27)
	at com.cognizant.hackathon.test.JustDialGymPageTest.OpenJustDialWebPage(JustDialGymPageTest.java:33)
... Removed 22 stack frames</pre></div><a href='#' onClick='toggleBox("stack-trace899675353", this, "Click to show all stack frames", "Click to hide stack frames")'>Click to show all stack frames</a>
<div class='stack-trace' id='stack-trace899675353'><pre>java.util.NoSuchElementException: No line found
	at java.base/java.util.Scanner.nextLine(Scanner.java:1656)
	at com.cognizant.hackathon.driver.DriverSetUp.chooseDriver(DriverSetUp.java:27)
	at com.cognizant.hackathon.test.JustDialGymPageTest.OpenJustDialWebPage(JustDialGymPageTest.java:33)
	at java.base/jdk.internal.reflect.DirectMethodHandleAccessor.invoke(DirectMethodHandleAccessor.java:104)
	at java.base/java.lang.reflect.Method.invoke(Method.java:577)
	at org.testng.internal.invokers.MethodInvocationHelper.invokeMethod(MethodInvocationHelper.java:139)
	at org.testng.internal.invokers.MethodInvocationHelper.invokeMethodConsideringTimeout(MethodInvocationHelper.java:69)
	at org.testng.internal.invokers.ConfigInvoker.invokeConfigurationMethod(ConfigInvoker.java:390)
	at org.testng.internal.invokers.ConfigInvoker.invokeConfigurations(ConfigInvoker.java:325)
	at org.testng.TestRunner.invokeTestConfigurations(TestRunner.java:663)
	at org.testng.TestRunner.beforeRun(TestRunner.java:652)
	at org.testng.TestRunner.run(TestRunner.java:614)
	at org.testng.SuiteRunner.runTest(SuiteRunner.java:443)
	at org.testng.SuiteRunner.runSequentially(SuiteRunner.java:437)
	at org.testng.SuiteRunner.privateRun(SuiteRunner.java:397)
	at org.testng.SuiteRunner.run(SuiteRunner.java:336)
	at org.testng.SuiteRunnerWorker.runSuite(SuiteRunnerWorker.java:52)
	at org.testng.SuiteRunnerWorker.run(SuiteRunnerWorker.java:95)
	at org.testng.TestNG.runSuitesSequentially(TestNG.java:1280)
	at org.testng.TestNG.runSuitesLocally(TestNG.java:1200)
	at org.testng.TestNG.runSuites(TestNG.java:1114)
	at org.testng.TestNG.run(TestNG.java:1082)
	at org.testng.remote.AbstractRemoteTestNG.run(AbstractRemoteTestNG.java:115)
	at org.testng.remote.RemoteTestNG.initAndRun(RemoteTestNG.java:251)
	at org.testng.remote.RemoteTestNG.main(RemoteTestNG.java:77)
</pre></div></td>
<td>0</td>
<td>com.cognizant.hackathon.test.JustDialHomePageTest@54d9d12d</td></tr>
<tr>
<td title='com.cognizant.hackathon.test.FreeListingPageTest.CloseLoginPopUp()'><b>CloseLoginPopUp</b><br>Test class: com.cognizant.hackathon.test.FreeListingPageTest</td>
<td><div><pre>java.util.NoSuchElementException: No line found
	at java.base/java.util.Scanner.nextLine(Scanner.java:1656)
	at com.cognizant.hackathon.driver.DriverSetUp.chooseDriver(DriverSetUp.java:27)
	at com.cognizant.hackathon.test.JustDialGymPageTest.OpenJustDialWebPage(JustDialGymPageTest.java:33)
... Removed 22 stack frames</pre></div><a href='#' onClick='toggleBox("stack-trace150950036", this, "Click to show all stack frames", "Click to hide stack frames")'>Click to show all stack frames</a>
<div class='stack-trace' id='stack-trace150950036'><pre>java.util.NoSuchElementException: No line found
	at java.base/java.util.Scanner.nextLine(Scanner.java:1656)
	at com.cognizant.hackathon.driver.DriverSetUp.chooseDriver(DriverSetUp.java:27)
	at com.cognizant.hackathon.test.JustDialGymPageTest.OpenJustDialWebPage(JustDialGymPageTest.java:33)
	at java.base/jdk.internal.reflect.DirectMethodHandleAccessor.invoke(DirectMethodHandleAccessor.java:104)
	at java.base/java.lang.reflect.Method.invoke(Method.java:577)
	at org.testng.internal.invokers.MethodInvocationHelper.invokeMethod(MethodInvocationHelper.java:139)
	at org.testng.internal.invokers.MethodInvocationHelper.invokeMethodConsideringTimeout(MethodInvocationHelper.java:69)
	at org.testng.internal.invokers.ConfigInvoker.invokeConfigurationMethod(ConfigInvoker.java:390)
	at org.testng.internal.invokers.ConfigInvoker.invokeConfigurations(ConfigInvoker.java:325)
	at org.testng.TestRunner.invokeTestConfigurations(TestRunner.java:663)
	at org.testng.TestRunner.beforeRun(TestRunner.java:652)
	at org.testng.TestRunner.run(TestRunner.java:614)
	at org.testng.SuiteRunner.runTest(SuiteRunner.java:443)
	at org.testng.SuiteRunner.runSequentially(SuiteRunner.java:437)
	at org.testng.SuiteRunner.privateRun(SuiteRunner.java:397)
	at org.testng.SuiteRunner.run(SuiteRunner.java:336)
	at org.testng.SuiteRunnerWorker.runSuite(SuiteRunnerWorker.java:52)
	at org.testng.SuiteRunnerWorker.run(SuiteRunnerWorker.java:95)
	at org.testng.TestNG.runSuitesSequentially(TestNG.java:1280)
	at org.testng.TestNG.runSuitesLocally(TestNG.java:1200)
	at org.testng.TestNG.runSuites(TestNG.java:1114)
	at org.testng.TestNG.run(TestNG.java:1082)
	at org.testng.remote.AbstractRemoteTestNG.run(AbstractRemoteTestNG.java:115)
	at org.testng.remote.RemoteTestNG.initAndRun(RemoteTestNG.java:251)
	at org.testng.remote.RemoteTestNG.main(RemoteTestNG.java:77)
</pre></div></td>
<td>0</td>
<td>com.cognizant.hackathon.test.FreeListingPageTest@3c41ed1d</td></tr>
<tr>
<td title='com.cognizant.hackathon.test.JustDialGymPageTest.SelectingGymOptionInMainPage()'><b>SelectingGymOptionInMainPage</b><br>Test class: com.cognizant.hackathon.test.JustDialGymPageTest</td>
<td><div><pre>java.util.NoSuchElementException: No line found
	at java.base/java.util.Scanner.nextLine(Scanner.java:1656)
	at com.cognizant.hackathon.driver.DriverSetUp.chooseDriver(DriverSetUp.java:27)
	at com.cognizant.hackathon.test.JustDialGymPageTest.OpenJustDialWebPage(JustDialGymPageTest.java:33)
... Removed 22 stack frames</pre></div><a href='#' onClick='toggleBox("stack-trace1333938290", this, "Click to show all stack frames", "Click to hide stack frames")'>Click to show all stack frames</a>
<div class='stack-trace' id='stack-trace1333938290'><pre>java.util.NoSuchElementException: No line found
	at java.base/java.util.Scanner.nextLine(Scanner.java:1656)
	at com.cognizant.hackathon.driver.DriverSetUp.chooseDriver(DriverSetUp.java:27)
	at com.cognizant.hackathon.test.JustDialGymPageTest.OpenJustDialWebPage(JustDialGymPageTest.java:33)
	at java.base/jdk.internal.reflect.DirectMethodHandleAccessor.invoke(DirectMethodHandleAccessor.java:104)
	at java.base/java.lang.reflect.Method.invoke(Method.java:577)
	at org.testng.internal.invokers.MethodInvocationHelper.invokeMethod(MethodInvocationHelper.java:139)
	at org.testng.internal.invokers.MethodInvocationHelper.invokeMethodConsideringTimeout(MethodInvocationHelper.java:69)
	at org.testng.internal.invokers.ConfigInvoker.invokeConfigurationMethod(ConfigInvoker.java:390)
	at org.testng.internal.invokers.ConfigInvoker.invokeConfigurations(ConfigInvoker.java:325)
	at org.testng.TestRunner.invokeTestConfigurations(TestRunner.java:663)
	at org.testng.TestRunner.beforeRun(TestRunner.java:652)
	at org.testng.TestRunner.run(TestRunner.java:614)
	at org.testng.SuiteRunner.runTest(SuiteRunner.java:443)
	at org.testng.SuiteRunner.runSequentially(SuiteRunner.java:437)
	at org.testng.SuiteRunner.privateRun(SuiteRunner.java:397)
	at org.testng.SuiteRunner.run(SuiteRunner.java:336)
	at org.testng.SuiteRunnerWorker.runSuite(SuiteRunnerWorker.java:52)
	at org.testng.SuiteRunnerWorker.run(SuiteRunnerWorker.java:95)
	at org.testng.TestNG.runSuitesSequentially(TestNG.java:1280)
	at org.testng.TestNG.runSuitesLocally(TestNG.java:1200)
	at org.testng.TestNG.runSuites(TestNG.java:1114)
	at org.testng.TestNG.run(TestNG.java:1082)
	at org.testng.remote.AbstractRemoteTestNG.run(AbstractRemoteTestNG.java:115)
	at org.testng.remote.RemoteTestNG.initAndRun(RemoteTestNG.java:251)
	at org.testng.remote.RemoteTestNG.main(RemoteTestNG.java:77)
</pre></div></td>
<td>0</td>
<td>com.cognizant.hackathon.test.JustDialGymPageTest@6c6cb480</td></tr>
<tr>
<td title='com.cognizant.hackathon.test.JustDialGymPageTest.CloseLoginPopUp()'><b>CloseLoginPopUp</b><br>Test class: com.cognizant.hackathon.test.JustDialGymPageTest</td>
<td><div><pre>java.util.NoSuchElementException: No line found
	at java.base/java.util.Scanner.nextLine(Scanner.java:1656)
	at com.cognizant.hackathon.driver.DriverSetUp.chooseDriver(DriverSetUp.java:27)
	at com.cognizant.hackathon.test.JustDialGymPageTest.OpenJustDialWebPage(JustDialGymPageTest.java:33)
... Removed 22 stack frames</pre></div><a href='#' onClick='toggleBox("stack-trace87845070", this, "Click to show all stack frames", "Click to hide stack frames")'>Click to show all stack frames</a>
<div class='stack-trace' id='stack-trace87845070'><pre>java.util.NoSuchElementException: No line found
	at java.base/java.util.Scanner.nextLine(Scanner.java:1656)
	at com.cognizant.hackathon.driver.DriverSetUp.chooseDriver(DriverSetUp.java:27)
	at com.cognizant.hackathon.test.JustDialGymPageTest.OpenJustDialWebPage(JustDialGymPageTest.java:33)
	at java.base/jdk.internal.reflect.DirectMethodHandleAccessor.invoke(DirectMethodHandleAccessor.java:104)
	at java.base/java.lang.reflect.Method.invoke(Method.java:577)
	at org.testng.internal.invokers.MethodInvocationHelper.invokeMethod(MethodInvocationHelper.java:139)
	at org.testng.internal.invokers.MethodInvocationHelper.invokeMethodConsideringTimeout(MethodInvocationHelper.java:69)
	at org.testng.internal.invokers.ConfigInvoker.invokeConfigurationMethod(ConfigInvoker.java:390)
	at org.testng.internal.invokers.ConfigInvoker.invokeConfigurations(ConfigInvoker.java:325)
	at org.testng.TestRunner.invokeTestConfigurations(TestRunner.java:663)
	at org.testng.TestRunner.beforeRun(TestRunner.java:652)
	at org.testng.TestRunner.run(TestRunner.java:614)
	at org.testng.SuiteRunner.runTest(SuiteRunner.java:443)
	at org.testng.SuiteRunner.runSequentially(SuiteRunner.java:437)
	at org.testng.SuiteRunner.privateRun(SuiteRunner.java:397)
	at org.testng.SuiteRunner.run(SuiteRunner.java:336)
	at org.testng.SuiteRunnerWorker.runSuite(SuiteRunnerWorker.java:52)
	at org.testng.SuiteRunnerWorker.run(SuiteRunnerWorker.java:95)
	at org.testng.TestNG.runSuitesSequentially(TestNG.java:1280)
	at org.testng.TestNG.runSuitesLocally(TestNG.java:1200)
	at org.testng.TestNG.runSuites(TestNG.java:1114)
	at org.testng.TestNG.run(TestNG.java:1082)
	at org.testng.remote.AbstractRemoteTestNG.run(AbstractRemoteTestNG.java:115)
	at org.testng.remote.RemoteTestNG.initAndRun(RemoteTestNG.java:251)
	at org.testng.remote.RemoteTestNG.main(RemoteTestNG.java:77)
</pre></div></td>
<td>0</td>
<td>com.cognizant.hackathon.test.JustDialGymPageTest@6c6cb480</td></tr>
<tr>
<td title='com.cognizant.hackathon.test.FreeListingPageTest.NavigatingToFreeListingPage()'><b>NavigatingToFreeListingPage</b><br>Test class: com.cognizant.hackathon.test.FreeListingPageTest</td>
<td><div><pre>java.util.NoSuchElementException: No line found
	at java.base/java.util.Scanner.nextLine(Scanner.java:1656)
	at com.cognizant.hackathon.driver.DriverSetUp.chooseDriver(DriverSetUp.java:27)
	at com.cognizant.hackathon.test.JustDialGymPageTest.OpenJustDialWebPage(JustDialGymPageTest.java:33)
... Removed 22 stack frames</pre></div><a href='#' onClick='toggleBox("stack-trace905650857", this, "Click to show all stack frames", "Click to hide stack frames")'>Click to show all stack frames</a>
<div class='stack-trace' id='stack-trace905650857'><pre>java.util.NoSuchElementException: No line found
	at java.base/java.util.Scanner.nextLine(Scanner.java:1656)
	at com.cognizant.hackathon.driver.DriverSetUp.chooseDriver(DriverSetUp.java:27)
	at com.cognizant.hackathon.test.JustDialGymPageTest.OpenJustDialWebPage(JustDialGymPageTest.java:33)
	at java.base/jdk.internal.reflect.DirectMethodHandleAccessor.invoke(DirectMethodHandleAccessor.java:104)
	at java.base/java.lang.reflect.Method.invoke(Method.java:577)
	at org.testng.internal.invokers.MethodInvocationHelper.invokeMethod(MethodInvocationHelper.java:139)
	at org.testng.internal.invokers.MethodInvocationHelper.invokeMethodConsideringTimeout(MethodInvocationHelper.java:69)
	at org.testng.internal.invokers.ConfigInvoker.invokeConfigurationMethod(ConfigInvoker.java:390)
	at org.testng.internal.invokers.ConfigInvoker.invokeConfigurations(ConfigInvoker.java:325)
	at org.testng.TestRunner.invokeTestConfigurations(TestRunner.java:663)
	at org.testng.TestRunner.beforeRun(TestRunner.java:652)
	at org.testng.TestRunner.run(TestRunner.java:614)
	at org.testng.SuiteRunner.runTest(SuiteRunner.java:443)
	at org.testng.SuiteRunner.runSequentially(SuiteRunner.java:437)
	at org.testng.SuiteRunner.privateRun(SuiteRunner.java:397)
	at org.testng.SuiteRunner.run(SuiteRunner.java:336)
	at org.testng.SuiteRunnerWorker.runSuite(SuiteRunnerWorker.java:52)
	at org.testng.SuiteRunnerWorker.run(SuiteRunnerWorker.java:95)
	at org.testng.TestNG.runSuitesSequentially(TestNG.java:1280)
	at org.testng.TestNG.runSuitesLocally(TestNG.java:1200)
	at org.testng.TestNG.runSuites(TestNG.java:1114)
	at org.testng.TestNG.run(TestNG.java:1082)
	at org.testng.remote.AbstractRemoteTestNG.run(AbstractRemoteTestNG.java:115)
	at org.testng.remote.RemoteTestNG.initAndRun(RemoteTestNG.java:251)
	at org.testng.remote.RemoteTestNG.main(RemoteTestNG.java:77)
</pre></div></td>
<td>0</td>
<td>com.cognizant.hackathon.test.FreeListingPageTest@3c41ed1d</td></tr>
<tr>
<td title='com.cognizant.hackathon.test.FreeListingPageTest.FillingFreeListingFormWithPhoneNumberFieldInvalid()'><b>FillingFreeListingFormWithPhoneNumberFieldInvalid</b><br>Test class: com.cognizant.hackathon.test.FreeListingPageTest</td>
<td><div><pre>java.util.NoSuchElementException: No line found
	at java.base/java.util.Scanner.nextLine(Scanner.java:1656)
	at com.cognizant.hackathon.driver.DriverSetUp.chooseDriver(DriverSetUp.java:27)
	at com.cognizant.hackathon.test.JustDialGymPageTest.OpenJustDialWebPage(JustDialGymPageTest.java:33)
... Removed 22 stack frames</pre></div><a href='#' onClick='toggleBox("stack-trace503353142", this, "Click to show all stack frames", "Click to hide stack frames")'>Click to show all stack frames</a>
<div class='stack-trace' id='stack-trace503353142'><pre>java.util.NoSuchElementException: No line found
	at java.base/java.util.Scanner.nextLine(Scanner.java:1656)
	at com.cognizant.hackathon.driver.DriverSetUp.chooseDriver(DriverSetUp.java:27)
	at com.cognizant.hackathon.test.JustDialGymPageTest.OpenJustDialWebPage(JustDialGymPageTest.java:33)
	at java.base/jdk.internal.reflect.DirectMethodHandleAccessor.invoke(DirectMethodHandleAccessor.java:104)
	at java.base/java.lang.reflect.Method.invoke(Method.java:577)
	at org.testng.internal.invokers.MethodInvocationHelper.invokeMethod(MethodInvocationHelper.java:139)
	at org.testng.internal.invokers.MethodInvocationHelper.invokeMethodConsideringTimeout(MethodInvocationHelper.java:69)
	at org.testng.internal.invokers.ConfigInvoker.invokeConfigurationMethod(ConfigInvoker.java:390)
	at org.testng.internal.invokers.ConfigInvoker.invokeConfigurations(ConfigInvoker.java:325)
	at org.testng.TestRunner.invokeTestConfigurations(TestRunner.java:663)
	at org.testng.TestRunner.beforeRun(TestRunner.java:652)
	at org.testng.TestRunner.run(TestRunner.java:614)
	at org.testng.SuiteRunner.runTest(SuiteRunner.java:443)
	at org.testng.SuiteRunner.runSequentially(SuiteRunner.java:437)
	at org.testng.SuiteRunner.privateRun(SuiteRunner.java:397)
	at org.testng.SuiteRunner.run(SuiteRunner.java:336)
	at org.testng.SuiteRunnerWorker.runSuite(SuiteRunnerWorker.java:52)
	at org.testng.SuiteRunnerWorker.run(SuiteRunnerWorker.java:95)
	at org.testng.TestNG.runSuitesSequentially(TestNG.java:1280)
	at org.testng.TestNG.runSuitesLocally(TestNG.java:1200)
	at org.testng.TestNG.runSuites(TestNG.java:1114)
	at org.testng.TestNG.run(TestNG.java:1082)
	at org.testng.remote.AbstractRemoteTestNG.run(AbstractRemoteTestNG.java:115)
	at org.testng.remote.RemoteTestNG.initAndRun(RemoteTestNG.java:251)
	at org.testng.remote.RemoteTestNG.main(RemoteTestNG.java:77)
</pre></div></td>
<td>0</td>
<td>com.cognizant.hackathon.test.FreeListingPageTest@3c41ed1d</td></tr>
<tr>
<td title='com.cognizant.hackathon.test.JustDialHomePageTest.SortingSearchResultByRatingDescending()'><b>SortingSearchResultByRatingDescending</b><br>Test class: com.cognizant.hackathon.test.JustDialHomePageTest</td>
<td><div><pre>java.util.NoSuchElementException: No line found
	at java.base/java.util.Scanner.nextLine(Scanner.java:1656)
	at com.cognizant.hackathon.driver.DriverSetUp.chooseDriver(DriverSetUp.java:27)
	at com.cognizant.hackathon.test.JustDialGymPageTest.OpenJustDialWebPage(JustDialGymPageTest.java:33)
... Removed 22 stack frames</pre></div><a href='#' onClick='toggleBox("stack-trace807053698", this, "Click to show all stack frames", "Click to hide stack frames")'>Click to show all stack frames</a>
<div class='stack-trace' id='stack-trace807053698'><pre>java.util.NoSuchElementException: No line found
	at java.base/java.util.Scanner.nextLine(Scanner.java:1656)
	at com.cognizant.hackathon.driver.DriverSetUp.chooseDriver(DriverSetUp.java:27)
	at com.cognizant.hackathon.test.JustDialGymPageTest.OpenJustDialWebPage(JustDialGymPageTest.java:33)
	at java.base/jdk.internal.reflect.DirectMethodHandleAccessor.invoke(DirectMethodHandleAccessor.java:104)
	at java.base/java.lang.reflect.Method.invoke(Method.java:577)
	at org.testng.internal.invokers.MethodInvocationHelper.invokeMethod(MethodInvocationHelper.java:139)
	at org.testng.internal.invokers.MethodInvocationHelper.invokeMethodConsideringTimeout(MethodInvocationHelper.java:69)
	at org.testng.internal.invokers.ConfigInvoker.invokeConfigurationMethod(ConfigInvoker.java:390)
	at org.testng.internal.invokers.ConfigInvoker.invokeConfigurations(ConfigInvoker.java:325)
	at org.testng.TestRunner.invokeTestConfigurations(TestRunner.java:663)
	at org.testng.TestRunner.beforeRun(TestRunner.java:652)
	at org.testng.TestRunner.run(TestRunner.java:614)
	at org.testng.SuiteRunner.runTest(SuiteRunner.java:443)
	at org.testng.SuiteRunner.runSequentially(SuiteRunner.java:437)
	at org.testng.SuiteRunner.privateRun(SuiteRunner.java:397)
	at org.testng.SuiteRunner.run(SuiteRunner.java:336)
	at org.testng.SuiteRunnerWorker.runSuite(SuiteRunnerWorker.java:52)
	at org.testng.SuiteRunnerWorker.run(SuiteRunnerWorker.java:95)
	at org.testng.TestNG.runSuitesSequentially(TestNG.java:1280)
	at org.testng.TestNG.runSuitesLocally(TestNG.java:1200)
	at org.testng.TestNG.runSuites(TestNG.java:1114)
	at org.testng.TestNG.run(TestNG.java:1082)
	at org.testng.remote.AbstractRemoteTestNG.run(AbstractRemoteTestNG.java:115)
	at org.testng.remote.RemoteTestNG.initAndRun(RemoteTestNG.java:251)
	at org.testng.remote.RemoteTestNG.main(RemoteTestNG.java:77)
</pre></div></td>
<td>0</td>
<td>com.cognizant.hackathon.test.JustDialHomePageTest@54d9d12d</td></tr>
<tr>
<td title='com.cognizant.hackathon.test.JustDialGymPageTest.GettingTheSubMenuItemsListOfGym()'><b>GettingTheSubMenuItemsListOfGym</b><br>Test class: com.cognizant.hackathon.test.JustDialGymPageTest</td>
<td><div><pre>java.util.NoSuchElementException: No line found
	at java.base/java.util.Scanner.nextLine(Scanner.java:1656)
	at com.cognizant.hackathon.driver.DriverSetUp.chooseDriver(DriverSetUp.java:27)
	at com.cognizant.hackathon.test.JustDialGymPageTest.OpenJustDialWebPage(JustDialGymPageTest.java:33)
... Removed 22 stack frames</pre></div><a href='#' onClick='toggleBox("stack-trace694329275", this, "Click to show all stack frames", "Click to hide stack frames")'>Click to show all stack frames</a>
<div class='stack-trace' id='stack-trace694329275'><pre>java.util.NoSuchElementException: No line found
	at java.base/java.util.Scanner.nextLine(Scanner.java:1656)
	at com.cognizant.hackathon.driver.DriverSetUp.chooseDriver(DriverSetUp.java:27)
	at com.cognizant.hackathon.test.JustDialGymPageTest.OpenJustDialWebPage(JustDialGymPageTest.java:33)
	at java.base/jdk.internal.reflect.DirectMethodHandleAccessor.invoke(DirectMethodHandleAccessor.java:104)
	at java.base/java.lang.reflect.Method.invoke(Method.java:577)
	at org.testng.internal.invokers.MethodInvocationHelper.invokeMethod(MethodInvocationHelper.java:139)
	at org.testng.internal.invokers.MethodInvocationHelper.invokeMethodConsideringTimeout(MethodInvocationHelper.java:69)
	at org.testng.internal.invokers.ConfigInvoker.invokeConfigurationMethod(ConfigInvoker.java:390)
	at org.testng.internal.invokers.ConfigInvoker.invokeConfigurations(ConfigInvoker.java:325)
	at org.testng.TestRunner.invokeTestConfigurations(TestRunner.java:663)
	at org.testng.TestRunner.beforeRun(TestRunner.java:652)
	at org.testng.TestRunner.run(TestRunner.java:614)
	at org.testng.SuiteRunner.runTest(SuiteRunner.java:443)
	at org.testng.SuiteRunner.runSequentially(SuiteRunner.java:437)
	at org.testng.SuiteRunner.privateRun(SuiteRunner.java:397)
	at org.testng.SuiteRunner.run(SuiteRunner.java:336)
	at org.testng.SuiteRunnerWorker.runSuite(SuiteRunnerWorker.java:52)
	at org.testng.SuiteRunnerWorker.run(SuiteRunnerWorker.java:95)
	at org.testng.TestNG.runSuitesSequentially(TestNG.java:1280)
	at org.testng.TestNG.runSuitesLocally(TestNG.java:1200)
	at org.testng.TestNG.runSuites(TestNG.java:1114)
	at org.testng.TestNG.run(TestNG.java:1082)
	at org.testng.remote.AbstractRemoteTestNG.run(AbstractRemoteTestNG.java:115)
	at org.testng.remote.RemoteTestNG.initAndRun(RemoteTestNG.java:251)
	at org.testng.remote.RemoteTestNG.main(RemoteTestNG.java:77)
</pre></div></td>
<td>0</td>
<td>com.cognizant.hackathon.test.JustDialGymPageTest@6c6cb480</td></tr>
<tr>
<td title='com.cognizant.hackathon.test.JustDialHomePageTest.NavigateBackToHomePage()'><b>NavigateBackToHomePage</b><br>Test class: com.cognizant.hackathon.test.JustDialHomePageTest</td>
<td><div><pre>java.util.NoSuchElementException: No line found
	at java.base/java.util.Scanner.nextLine(Scanner.java:1656)
	at com.cognizant.hackathon.driver.DriverSetUp.chooseDriver(DriverSetUp.java:27)
	at com.cognizant.hackathon.test.JustDialGymPageTest.OpenJustDialWebPage(JustDialGymPageTest.java:33)
... Removed 22 stack frames</pre></div><a href='#' onClick='toggleBox("stack-trace1710591086", this, "Click to show all stack frames", "Click to hide stack frames")'>Click to show all stack frames</a>
<div class='stack-trace' id='stack-trace1710591086'><pre>java.util.NoSuchElementException: No line found
	at java.base/java.util.Scanner.nextLine(Scanner.java:1656)
	at com.cognizant.hackathon.driver.DriverSetUp.chooseDriver(DriverSetUp.java:27)
	at com.cognizant.hackathon.test.JustDialGymPageTest.OpenJustDialWebPage(JustDialGymPageTest.java:33)
	at java.base/jdk.internal.reflect.DirectMethodHandleAccessor.invoke(DirectMethodHandleAccessor.java:104)
	at java.base/java.lang.reflect.Method.invoke(Method.java:577)
	at org.testng.internal.invokers.MethodInvocationHelper.invokeMethod(MethodInvocationHelper.java:139)
	at org.testng.internal.invokers.MethodInvocationHelper.invokeMethodConsideringTimeout(MethodInvocationHelper.java:69)
	at org.testng.internal.invokers.ConfigInvoker.invokeConfigurationMethod(ConfigInvoker.java:390)
	at org.testng.internal.invokers.ConfigInvoker.invokeConfigurations(ConfigInvoker.java:325)
	at org.testng.TestRunner.invokeTestConfigurations(TestRunner.java:663)
	at org.testng.TestRunner.beforeRun(TestRunner.java:652)
	at org.testng.TestRunner.run(TestRunner.java:614)
	at org.testng.SuiteRunner.runTest(SuiteRunner.java:443)
	at org.testng.SuiteRunner.runSequentially(SuiteRunner.java:437)
	at org.testng.SuiteRunner.privateRun(SuiteRunner.java:397)
	at org.testng.SuiteRunner.run(SuiteRunner.java:336)
	at org.testng.SuiteRunnerWorker.runSuite(SuiteRunnerWorker.java:52)
	at org.testng.SuiteRunnerWorker.run(SuiteRunnerWorker.java:95)
	at org.testng.TestNG.runSuitesSequentially(TestNG.java:1280)
	at org.testng.TestNG.runSuitesLocally(TestNG.java:1200)
	at org.testng.TestNG.runSuites(TestNG.java:1114)
	at org.testng.TestNG.run(TestNG.java:1082)
	at org.testng.remote.AbstractRemoteTestNG.run(AbstractRemoteTestNG.java:115)
	at org.testng.remote.RemoteTestNG.initAndRun(RemoteTestNG.java:251)
	at org.testng.remote.RemoteTestNG.main(RemoteTestNG.java:77)
</pre></div></td>
<td>0</td>
<td>com.cognizant.hackathon.test.JustDialHomePageTest@54d9d12d</td></tr>
<tr>
<td title='com.cognizant.hackathon.test.JustDialHomePageTest.SearchingForCarWashingServices()'><b>SearchingForCarWashingServices</b><br>Test class: com.cognizant.hackathon.test.JustDialHomePageTest</td>
<td><div><pre>java.util.NoSuchElementException: No line found
	at java.base/java.util.Scanner.nextLine(Scanner.java:1656)
	at com.cognizant.hackathon.driver.DriverSetUp.chooseDriver(DriverSetUp.java:27)
	at com.cognizant.hackathon.test.JustDialGymPageTest.OpenJustDialWebPage(JustDialGymPageTest.java:33)
... Removed 22 stack frames</pre></div><a href='#' onClick='toggleBox("stack-trace256703888", this, "Click to show all stack frames", "Click to hide stack frames")'>Click to show all stack frames</a>
<div class='stack-trace' id='stack-trace256703888'><pre>java.util.NoSuchElementException: No line found
	at java.base/java.util.Scanner.nextLine(Scanner.java:1656)
	at com.cognizant.hackathon.driver.DriverSetUp.chooseDriver(DriverSetUp.java:27)
	at com.cognizant.hackathon.test.JustDialGymPageTest.OpenJustDialWebPage(JustDialGymPageTest.java:33)
	at java.base/jdk.internal.reflect.DirectMethodHandleAccessor.invoke(DirectMethodHandleAccessor.java:104)
	at java.base/java.lang.reflect.Method.invoke(Method.java:577)
	at org.testng.internal.invokers.MethodInvocationHelper.invokeMethod(MethodInvocationHelper.java:139)
	at org.testng.internal.invokers.MethodInvocationHelper.invokeMethodConsideringTimeout(MethodInvocationHelper.java:69)
	at org.testng.internal.invokers.ConfigInvoker.invokeConfigurationMethod(ConfigInvoker.java:390)
	at org.testng.internal.invokers.ConfigInvoker.invokeConfigurations(ConfigInvoker.java:325)
	at org.testng.TestRunner.invokeTestConfigurations(TestRunner.java:663)
	at org.testng.TestRunner.beforeRun(TestRunner.java:652)
	at org.testng.TestRunner.run(TestRunner.java:614)
	at org.testng.SuiteRunner.runTest(SuiteRunner.java:443)
	at org.testng.SuiteRunner.runSequentially(SuiteRunner.java:437)
	at org.testng.SuiteRunner.privateRun(SuiteRunner.java:397)
	at org.testng.SuiteRunner.run(SuiteRunner.java:336)
	at org.testng.SuiteRunnerWorker.runSuite(SuiteRunnerWorker.java:52)
	at org.testng.SuiteRunnerWorker.run(SuiteRunnerWorker.java:95)
	at org.testng.TestNG.runSuitesSequentially(TestNG.java:1280)
	at org.testng.TestNG.runSuitesLocally(TestNG.java:1200)
	at org.testng.TestNG.runSuites(TestNG.java:1114)
	at org.testng.TestNG.run(TestNG.java:1082)
	at org.testng.remote.AbstractRemoteTestNG.run(AbstractRemoteTestNG.java:115)
	at org.testng.remote.RemoteTestNG.initAndRun(RemoteTestNG.java:251)
	at org.testng.remote.RemoteTestNG.main(RemoteTestNG.java:77)
</pre></div></td>
<td>0</td>
<td>com.cognizant.hackathon.test.JustDialHomePageTest@54d9d12d</td></tr>
</table><p>
</body>
</html>